<?xml version="1.0" encoding="UTF-8"?>
<!-- Generated by org.testng.reporters.JUnitXMLReporter -->
<testsuite ignored="0" hostname="Suman" failures="0" tests="2" name="Default test" time="67.468" errors="0" timestamp="2024-02-29T00:11:49 IST">
  <testcase classname="com.slabs.qa.testcases.PurchasePageTest" name="validatePurchasePageUrlTest" time="4.034"/>
  <testcase classname="com.slabs.qa.testcases.PurchasePageTest" name="validatePurchaseFinishTest" time="8.221"/>
</testsuite> <!-- Default test -->
