<?xml version="1.0" encoding="UTF-8"?>
<testng-results ignored="0" total="2" passed="2" failed="0" skipped="0">
  <reporter-output>
  </reporter-output>
  <suite started-at="2024-02-29T00:10:42 IST" name="Default suite" finished-at="2024-02-29T00:11:49 IST" duration-ms="67468">
    <groups>
    </groups>
    <test started-at="2024-02-29T00:10:42 IST" name="Default test" finished-at="2024-02-29T00:11:49 IST" duration-ms="67468">
      <class name="com.slabs.qa.testcases.PurchasePageTest">
        <test-method is-config="true" signature="SetUp()[pri:0, instance:com.slabs.qa.testcases.PurchasePageTest@3514a4c0]" started-at="2024-02-29T00:10:42 IST" name="SetUp" finished-at="2024-02-29T00:11:10 IST" duration-ms="27671" status="PASS">
          <reporter-output>
          </reporter-output>
        </test-method> <!-- SetUp -->
        <test-method signature="validatePurchasePageUrlTest()[pri:1, instance:com.slabs.qa.testcases.PurchasePageTest@3514a4c0]" started-at="2024-02-29T00:11:10 IST" name="validatePurchasePageUrlTest" finished-at="2024-02-29T00:11:14 IST" duration-ms="4034" status="PASS">
          <reporter-output>
          </reporter-output>
        </test-method> <!-- validatePurchasePageUrlTest -->
        <test-method is-config="true" signature="TearDown()[pri:0, instance:com.slabs.qa.testcases.PurchasePageTest@3514a4c0]" started-at="2024-02-29T00:11:14 IST" name="TearDown" finished-at="2024-02-29T00:11:14 IST" duration-ms="306" status="PASS">
          <reporter-output>
          </reporter-output>
        </test-method> <!-- TearDown -->
        <test-method is-config="true" signature="SetUp()[pri:0, instance:com.slabs.qa.testcases.PurchasePageTest@3514a4c0]" started-at="2024-02-29T00:11:14 IST" name="SetUp" finished-at="2024-02-29T00:11:41 IST" duration-ms="26865" status="PASS">
          <reporter-output>
          </reporter-output>
        </test-method> <!-- SetUp -->
        <test-method signature="validatePurchaseFinishTest()[pri:2, instance:com.slabs.qa.testcases.PurchasePageTest@3514a4c0]" started-at="2024-02-29T00:11:41 IST" name="validatePurchaseFinishTest" finished-at="2024-02-29T00:11:49 IST" duration-ms="8221" status="PASS">
          <reporter-output>
          </reporter-output>
        </test-method> <!-- validatePurchaseFinishTest -->
        <test-method is-config="true" signature="TearDown()[pri:0, instance:com.slabs.qa.testcases.PurchasePageTest@3514a4c0]" started-at="2024-02-29T00:11:49 IST" name="TearDown" finished-at="2024-02-29T00:11:49 IST" duration-ms="329" status="PASS">
          <reporter-output>
          </reporter-output>
        </test-method> <!-- TearDown -->
      </class> <!-- com.slabs.qa.testcases.PurchasePageTest -->
    </test> <!-- Default test -->
  </suite> <!-- Default suite -->
</testng-results>
