<?xml version="1.0" encoding="UTF-8"?>
<testng-results ignored="0" total="1" passed="1" failed="0" skipped="0">
  <reporter-output>
  </reporter-output>
  <suite started-at="2024-02-14T17:27:38 IST" name="Default suite" finished-at="2024-02-14T17:28:12 IST" duration-ms="33638">
    <groups>
    </groups>
    <test started-at="2024-02-14T17:27:38 IST" name="Default test" finished-at="2024-02-14T17:28:12 IST" duration-ms="33638">
      <class name="com.dblaze.qa.testcases.CartPageTest">
        <test-method is-config="true" signature="setup()[pri:0, instance:com.dblaze.qa.testcases.CartPageTest@57af006c]" started-at="2024-02-14T17:27:38 IST" name="setup" finished-at="2024-02-14T17:27:45 IST" duration-ms="6659" status="PASS">
          <reporter-output>
          </reporter-output>
        </test-method> <!-- setup -->
        <test-method is-config="true" signature="beforeMethod()[pri:0, instance:com.dblaze.qa.testcases.CartPageTest@57af006c]" started-at="2024-02-14T17:27:45 IST" name="beforeMethod" finished-at="2024-02-14T17:28:05 IST" duration-ms="20562" status="PASS">
          <reporter-output>
          </reporter-output>
        </test-method> <!-- beforeMethod -->
        <test-method signature="PlaceOrder()[pri:1, instance:com.dblaze.qa.testcases.CartPageTest@57af006c]" started-at="2024-02-14T17:28:05 IST" name="PlaceOrder" finished-at="2024-02-14T17:28:11 IST" duration-ms="6092" status="PASS">
          <reporter-output>
          </reporter-output>
        </test-method> <!-- PlaceOrder -->
        <test-method is-config="true" signature="afterMethod()[pri:0, instance:com.dblaze.qa.testcases.CartPageTest@57af006c]" started-at="2024-02-14T17:28:11 IST" name="afterMethod" finished-at="2024-02-14T17:28:11 IST" duration-ms="1" status="PASS">
          <reporter-output>
          </reporter-output>
        </test-method> <!-- afterMethod -->
        <test-method is-config="true" signature="teardown()[pri:0, instance:com.dblaze.qa.testcases.CartPageTest@57af006c]" started-at="2024-02-14T17:28:11 IST" name="teardown" finished-at="2024-02-14T17:28:12 IST" duration-ms="290" status="PASS">
          <reporter-output>
          </reporter-output>
        </test-method> <!-- teardown -->
      </class> <!-- com.dblaze.qa.testcases.CartPageTest -->
    </test> <!-- Default test -->
  </suite> <!-- Default suite -->
</testng-results>
